c:\lab_3sem\cursachchill\hvs-2023\hvs-2023\debug\vc143.pdb
c:\lab_3sem\cursachchill\hvs-2023\hvs-2023\debug\vc143.idb
c:\lab_3sem\cursachchill\hvs-2023\hvs-2023\debug\semanaliz.obj
c:\lab_3sem\cursachchill\hvs-2023\hvs-2023\debug\polish.obj
c:\lab_3sem\cursachchill\hvs-2023\hvs-2023\debug\parm.obj
c:\lab_3sem\cursachchill\hvs-2023\hvs-2023\debug\mfst.obj
c:\lab_3sem\cursachchill\hvs-2023\hvs-2023\debug\lt.obj
c:\lab_3sem\cursachchill\hvs-2023\hvs-2023\debug\log.obj
c:\lab_3sem\cursachchill\hvs-2023\hvs-2023\debug\lexanaliz.obj
c:\lab_3sem\cursachchill\hvs-2023\hvs-2023\debug\it.obj
c:\lab_3sem\cursachchill\hvs-2023\hvs-2023\debug\in.obj
c:\lab_3sem\cursachchill\hvs-2023\hvs-2023\debug\hvs-2023.obj
c:\lab_3sem\cursachchill\hvs-2023\hvs-2023\debug\grb.obj
c:\lab_3sem\cursachchill\hvs-2023\hvs-2023\debug\generation.obj
c:\lab_3sem\cursachchill\hvs-2023\hvs-2023\debug\fst.obj
c:\lab_3sem\cursachchill\hvs-2023\hvs-2023\debug\error.obj
c:\lab_3sem\cursachchill\hvs-2023\hvs-2023\debug\hvs-2023.ilk
c:\lab_3sem\cursachchill\hvs-2023\debug\hvs-2023.exe
c:\lab_3sem\cursachchill\hvs-2023\debug\hvs-2023.pdb
c:\lab_3sem\cursachchill\hvs-2023\hvs-2023\debug\hvs-2023.tlog\cl.command.1.tlog
c:\lab_3sem\cursachchill\hvs-2023\hvs-2023\debug\hvs-2023.tlog\cl.items.tlog
c:\lab_3sem\cursachchill\hvs-2023\hvs-2023\debug\hvs-2023.tlog\cl.read.1.tlog
c:\lab_3sem\cursachchill\hvs-2023\hvs-2023\debug\hvs-2023.tlog\cl.write.1.tlog
c:\lab_3sem\cursachchill\hvs-2023\hvs-2023\debug\hvs-2023.tlog\link.command.1.tlog
c:\lab_3sem\cursachchill\hvs-2023\hvs-2023\debug\hvs-2023.tlog\link.read.1.tlog
c:\lab_3sem\cursachchill\hvs-2023\hvs-2023\debug\hvs-2023.tlog\link.write.1.tlog
