Сборка начата 21.12.2023 17:29:53.
Уровень детализации журнала: Normal.     1>Проект "C:\LAB_3SEM\cursachchill\HVS-2023\StaticLib\StaticLib.vcxproj" в узле 2 (целевые объекты Rebuild).
     1>_PrepareForClean:
         Файл "Debug\StaticLib.tlog\StaticLib.lastbuildstate" удаляется.
       InitializeBuildStatus:
         Создание "Debug\StaticLib.tlog\unsuccessfulbuild", так как было задано "AlwaysCreate".
         Обращение к "Debug\StaticLib.tlog\unsuccessfulbuild".
       ClCompile:
         C:\Program Files\Microsoft Visual Studio\2022\Community\VC\Tools\MSVC\14.37.32822\bin\HostX86\x86\CL.exe /c /ZI /JMC /nologo /W3 /WX- /diagnostics:column /sdl /Od /Oy- /D WIN32 /D _DEBUG /D _LIB /D _UNICODE /D UNICODE /Gm- /EHsc /RTC1 /MDd /GS /fp:precise /Zc:wchar_t /Zc:forScope /Zc:inline /permissive- /Fo"Debug\\" /Fd"C:\LAB_3SEM\cursachchill\HVS-2023\Debug\StaticLib.pdb" /external:W3 /Gd /TP /analyze- /FC /errorReport:prompt Lib.cpp
         Lib.cpp
     1>C:\LAB_3SEM\cursachchill\HVS-2023\StaticLib\Lib.cpp(19): warning C4172: возвращение адреса локальной или временной переменной : buf
     1>C:\LAB_3SEM\cursachchill\HVS-2023\StaticLib\Lib.cpp(11): warning C4172: возвращение адреса локальной или временной переменной : buf
       Lib:
         C:\Program Files\Microsoft Visual Studio\2022\Community\VC\Tools\MSVC\14.37.32822\bin\HostX86\x86\Lib.exe /OUT:"C:\LAB_3SEM\cursachchill\HVS-2023\Debug\StaticLib.lib" /NOLOGO /MACHINE:X86 Debug\Lib.obj
         StaticLib.vcxproj -> C:\LAB_3SEM\cursachchill\HVS-2023\Debug\StaticLib.lib
       FinalizeBuildStatus:
         Файл "Debug\StaticLib.tlog\unsuccessfulbuild" удаляется.
         Обращение к "Debug\StaticLib.tlog\StaticLib.lastbuildstate".
     1>Сборка проекта "C:\LAB_3SEM\cursachchill\HVS-2023\StaticLib\StaticLib.vcxproj" завершена (целевые объекты Rebuild).

Сборка успешно завершена.

       "C:\LAB_3SEM\cursachchill\HVS-2023\StaticLib\StaticLib.vcxproj" (целевой объект Rebuild ) (1) ->
       (Целевой объект ClCompile) -> 
         C:\LAB_3SEM\cursachchill\HVS-2023\StaticLib\Lib.cpp(19): warning C4172: возвращение адреса локальной или временной переменной : buf
         C:\LAB_3SEM\cursachchill\HVS-2023\StaticLib\Lib.cpp(11): warning C4172: возвращение адреса локальной или временной переменной : buf

    Предупреждений: 2
    Ошибок: 0

Прошло времени 00:00:01.66
