Сборка начата 22.12.2023 11:21:32.
Уровень детализации журнала: Normal.     1>Проект "C:\LAB_3SEM\cursachchill\HVS-2023\ASM\ASM.vcxproj" в узле 2 (целевые объекты Build).
     1>InitializeBuildStatus:
         Создание "Debug\ASM.tlog\unsuccessfulbuild", так как было задано "AlwaysCreate".
         Обращение к "Debug\ASM.tlog\unsuccessfulbuild".
       _MASM:
         Assembling asm.asm...
         cmd.exe /C "C:\Users\vitam\AppData\Local\Temp\tmp55675d31e01d4b79ac016e60e0ad9d00.cmd"
         ml.exe /c /nologo /Zi /Fo"Debug\asm.obj" /Fl"Debug\\" /W3 /errorReport:prompt  /Taasm.asm
       Link:
         C:\Program Files\Microsoft Visual Studio\2022\Community\VC\Tools\MSVC\14.37.32822\bin\HostX86\x86\link.exe /ERRORREPORT:PROMPT /OUT:"C:\LAB_3SEM\cursachchill\HVS-2023\Debug\ASM.exe" /INCREMENTAL /ILK:"Debug\ASM.ilk" /NOLOGO kernel32.lib user32.lib gdi32.lib winspool.lib comdlg32.lib advapi32.lib shell32.lib ole32.lib oleaut32.lib uuid.lib odbc32.lib odbccp32.lib /MANIFEST /MANIFESTUAC:"level='asInvoker' uiAccess='false'" /manifest:embed /DEBUG /PDB:"C:\LAB_3SEM\cursachchill\HVS-2023\Debug\ASM.pdb" /SUBSYSTEM:CONSOLE /TLBID:1 /DYNAMICBASE /NXCOMPAT /IMPLIB:"C:\LAB_3SEM\cursachchill\HVS-2023\Debug\ASM.lib" /MACHINE:X86 ../Debug/StaticLib.lib Debug\asm.obj
         ASM.vcxproj -> C:\LAB_3SEM\cursachchill\HVS-2023\Debug\ASM.exe
       FinalizeBuildStatus:
         Файл "Debug\ASM.tlog\unsuccessfulbuild" удаляется.
         Обращение к "Debug\ASM.tlog\ASM.lastbuildstate".
     1>Сборка проекта "C:\LAB_3SEM\cursachchill\HVS-2023\ASM\ASM.vcxproj" завершена (целевые объекты Build).

Сборка успешно завершена.
    Предупреждений: 0
    Ошибок: 0

Прошло времени 00:00:00.46
